
> athlete-time-frontend@0.0.0 build:check
> tsc -b && vite build

vite v7.1.10 building for production...
transforming...
✓ 2509 modules transformed.
rendering chunks...
computing gzip size...
../community/index.html                                  1.96 kB │ gzip:   0.87 kB
../community/assets/page-tools-DYFyxZV3.css              6.90 kB │ gzip:   2.18 kB
../community/assets/index-Ckle3kcM.css                 105.11 kB │ gzip:  17.17 kB
../community/assets/BoardPage-DLkva1Xa.js                1.68 kB │ gzip:   0.92 kB
../community/assets/NotFoundPage-P1ASdX8H.js             3.02 kB │ gzip:   1.45 kB
../community/assets/LoginPage-DOr-IB4g.js                3.63 kB │ gzip:   1.53 kB
../community/assets/VerifyEmailPage-DXhypP5R.js          4.06 kB │ gzip:   1.77 kB
../community/assets/EditPostPage-CVzXD9Z6.js             5.81 kB │ gzip:   2.23 kB
../community/assets/CompetitionFormPage-B91lV-RC.js      6.19 kB │ gzip:   2.13 kB
../community/assets/MatchResultDetailPage-BNXCNIZD.js    6.28 kB │ gzip:   2.20 kB
../community/assets/AthleteDetailPage-eGsO2Y7S.js        6.68 kB │ gzip:   2.43 kB
../community/assets/MatchResultListPage-TikNqRLo.js      6.98 kB │ gzip:   2.32 kB
../community/assets/ProfilePage-DzjSYtyX.js              7.26 kB │ gzip:   2.57 kB
../community/assets/MatchResultFormPage-B3YWnWtQ.js      8.57 kB │ gzip:   2.89 kB
../community/assets/DataRequestPage-YAJnpSud.js          8.71 kB │ gzip:   2.99 kB
../community/assets/WritePage-DAqKkg8B.js                9.03 kB │ gzip:   2.87 kB
../community/assets/RegisterPage-cR9PachT.js             9.83 kB │ gzip:   2.98 kB
../community/assets/ScheduleCardPage-B_nG61Sr.js        11.52 kB │ gzip:   3.88 kB
../community/assets/AboutDataPage-CtP-dBFJ.js           12.84 kB │ gzip:   4.33 kB
../community/assets/MainPage-BfCAe7cs.js                14.09 kB │ gzip:   4.62 kB
../community/assets/PostDetailPage-CmQk8nNg.js          17.16 kB │ gzip:   4.68 kB
../community/assets/page-marketplace-CkprKUij.js        25.18 kB │ gzip:   7.22 kB
../community/assets/index-ChzRsuUw.js                   31.04 kB │ gzip:  10.34 kB
../community/assets/page-community-DUm8Qad6.js          36.35 kB │ gzip:  11.05 kB
../community/assets/index-DJqZZmSW.js                   43.42 kB │ gzip:   9.91 kB
../community/assets/page-admin-Cj0FHTOz.js              49.39 kB │ gzip:  11.22 kB
../community/assets/page-competitions-EwU44Huv.js       50.12 kB │ gzip:  13.79 kB
../community/assets/vendor-query-CkCqrRxm.js            68.38 kB │ gzip:  23.63 kB
../community/assets/page-records-DwG0bR-3.js            70.80 kB │ gzip:  20.00 kB
../community/assets/page-tools-BnNId3Ta.js             138.06 kB │ gzip:  37.01 kB
../community/assets/vendor-html2canvas-B0tyYwQk.js     202.36 kB │ gzip:  48.04 kB
../community/assets/vendor-misc-DGk2UagI.js            259.99 kB │ gzip:  88.26 kB
../community/assets/vendor-react-u1tye6lm.js           274.25 kB │ gzip:  82.62 kB
../community/assets/vendor-jspdf-DEjDn92w.js           339.54 kB │ gzip: 111.09 kB
✓ built in 16.75s
